# JRE version: Java(TM) SE Runtime Environment (11.0.6+8) (build 11.0.6+8-LTS)
# Java VM: Java HotSpot(TM) 64-Bit Server VM (11.0.6+8-LTS, mixed mode, tiered, compressed oops, g1 gc, windows-amd64)
Heap:
 garbage-first heap   total 189440K, used 63131K [0x0000000081000000, 0x0000000100000000)
  region size 1024K, 51 young (52224K), 12 survivors (12288K)
 Metaspace       used 56671K, capacity 58414K, committed 58752K, reserved 1099776K
  class space    used 7269K, capacity 7950K, committed 8064K, reserved 1048576K
GC Heap History (10 events):
Event: 2.884 GC heap before
{Heap before GC invocations=8 (full 0):
 garbage-first heap   total 157696K, used 74343K [0x0000000081000000, 0x0000000100000000)
  region size 1024K, 70 young (71680K), 6 survivors (6144K)
 Metaspace       used 34818K, capacity 35756K, committed 35840K, reserved 1081344K
  class space    used 4369K, capacity 4736K, committed 4736K, reserved 1048576K
}
Event: 2.889 GC heap after
{Heap after GC invocations=9 (full 0):
 garbage-first heap   total 157696K, used 11125K [0x0000000081000000, 0x0000000100000000)
  region size 1024K, 6 young (6144K), 6 survivors (6144K)
 Metaspace       used 34818K, capacity 35756K, committed 35840K, reserved 1081344K
  class space    used 4369K, capacity 4736K, committed 4736K, reserved 1048576K
}
Event: 3.586 GC heap before
{Heap before GC invocations=10 (full 0):
 garbage-first heap   total 157696K, used 99189K [0x0000000081000000, 0x0000000100000000)
  region size 1024K, 92 young (94208K), 6 survivors (6144K)
 Metaspace       used 39389K, capacity 40470K, committed 40832K, reserved 1085440K
  class space    used 4969K, capacity 5382K, committed 5504K, reserved 1048576K
}
Event: 3.591 GC heap after
{Heap after GC invocations=11 (full 0):
 garbage-first heap   total 157696K, used 13074K [0x0000000081000000, 0x0000000100000000)
  region size 1024K, 8 young (8192K), 8 survivors (8192K)
 Metaspace       used 39389K, capacity 40470K, committed 40832K, reserved 1085440K
  class space    used 4969K, capacity 5382K, committed 5504K, reserved 1048576K
}
Event: 4.543 GC heap before
{Heap before GC invocations=11 (full 0):
 garbage-first heap   total 157696K, used 99090K [0x0000000081000000, 0x0000000100000000)
  region size 1024K, 92 young (94208K), 8 survivors (8192K)
 Metaspace       used 45004K, capacity 46326K, committed 46464K, reserved 1089536K
  class space    used 5709K, capacity 6216K, committed 6272K, reserved 1048576K
}
Event: 4.551 GC heap after
{Heap after GC invocations=12 (full 0):
 garbage-first heap   total 157696K, used 16265K [0x0000000081000000, 0x0000000100000000)
  region size 1024K, 10 young (10240K), 10 survivors (10240K)
 Metaspace       used 45004K, capacity 46326K, committed 46464K, reserved 1089536K
  class space    used 5709K, capacity 6216K, committed 6272K, reserved 1048576K
}
Event: 5.170 GC heap before
{Heap before GC invocations=12 (full 0):
 garbage-first heap   total 157696K, used 100233K [0x0000000081000000, 0x0000000100000000)
  region size 1024K, 92 young (94208K), 10 survivors (10240K)
 Metaspace       used 50222K, capacity 51536K, committed 51712K, reserved 1093632K
  class space    used 6350K, capacity 6858K, committed 6912K, reserved 1048576K
}
Event: 5.178 GC heap after
{Heap after GC invocations=13 (full 0):
 garbage-first heap   total 189440K, used 18915K [0x0000000081000000, 0x0000000100000000)
  region size 1024K, 9 young (9216K), 9 survivors (9216K)
 Metaspace       used 50222K, capacity 51536K, committed 51712K, reserved 1093632K
  class space    used 6350K, capacity 6858K, committed 6912K, reserved 1048576K
}
Event: 6.029 GC heap before
{Heap before GC invocations=13 (full 0):
 garbage-first heap   total 189440K, used 123363K [0x0000000081000000, 0x0000000100000000)
  region size 1024K, 111 young (113664K), 9 survivors (9216K)
 Metaspace       used 55208K, capacity 56869K, committed 56960K, reserved 1097728K
  class space    used 7070K, capacity 7737K, committed 7808K, reserved 1048576K
}
Event: 6.037 GC heap after
{Heap after GC invocations=14 (full 0):
 garbage-first heap   total 189440K, used 24219K [0x0000000081000000, 0x0000000100000000)
  region size 1024K, 12 young (12288K), 12 survivors (12288K)
 Metaspace       used 55208K, capacity 56869K, committed 56960K, reserved 1097728K
  class space    used 7070K, capacity 7737K, committed 7808K, reserved 1048576K
}

